{
  "RSpec": {
    "coverage": {
      "/Users/adhiguna/Documents/kerja/rails/blogging/app/controllers/application_controller.rb": [
        1,
        1,
        null
      ],
      "/Users/adhiguna/Documents/kerja/rails/blogging/app/controllers/pages_controller.rb": [
        1,
        1,
        null,
        null
      ],
      "/Users/adhiguna/Documents/kerja/rails/blogging/app/controllers/posts_controller.rb": [
        1,
        null,
        null,
        1,
        2,
        null,
        null,
        null,
        null,
        1,
        1,
        null,
        null,
        null,
        null,
        1,
        1,
        null,
        null,
        null,
        1,
        1,
        null,
        null,
        null,
        null,
        1,
        2,
        2,
        1,
        null,
        1,
        null,
        null,
        null,
        null,
        null,
        1,
        2,
        2,
        1,
        null,
        1,
        null,
        null,
        null,
        null,
        null,
        1,
        1,
        1,
        1,
        null,
        null
      ],
      "/Users/adhiguna/Documents/kerja/rails/blogging/app/models/post.rb": [
        1,
        1,
        1,
        null,
        1,
        1,
        1,
        1,
        null,
        7,
        null,
        null,
        1,
        0,
        0,
        0,
        null,
        null,
        null,
        null,
        null
      ],
      "/Users/adhiguna/Documents/kerja/rails/blogging/app/controllers/users/omniauth_callbacks_controller.rb": [
        1,
        1,
        null,
        0,
        null,
        0,
        0,
        0,
        null,
        0,
        0,
        null,
        null,
        null,
        null,
        null,
        null,
        null,
        null,
        null,
        null,
        null,
        null,
        null,
        null,
        null
      ],
      "/Users/adhiguna/Documents/kerja/rails/blogging/app/helpers/application_helper.rb": [
        1,
        null
      ],
      "/Users/adhiguna/Documents/kerja/rails/blogging/app/helpers/pages_helper.rb": [
        1,
        null
      ],
      "/Users/adhiguna/Documents/kerja/rails/blogging/app/helpers/posts_helper.rb": [
        1,
        null
      ],
      "/Users/adhiguna/Documents/kerja/rails/blogging/app/models/user.rb": [
        1,
        1,
        null,
        null,
        null,
        1,
        null,
        null,
        null,
        1,
        null,
        null,
        1,
        0,
        0,
        0,
        null,
        null,
        null,
        null,
        null,
        null,
        null,
        0,
        null,
        null,
        null,
        null,
        null,
        null,
        null,
        null,
        null,
        null,
        null,
        null,
        null,
        null,
        null,
        null,
        1,
        0,
        0,
        0,
        null,
        null,
        null,
        null
      ]
    },
    "timestamp": 1376308156
  }
}
